Arguments: 
  /usr/bin/node /usr/local/bin/yarn add --save-dev puppeteer rize

PATH: 
  /home/qiphon/.local/bin:/home/qiphon/bin:/usr/share/Modules/bin:/usr/local/bin:/usr/local/sbin:/usr/bin:/usr/sbin:/home/qiphon/Android/Sdk/tools:/home/qiphon/Android/Sdk/tools/bin:/home/qiphon/Android/Sdk/platform-tools:/home/qiphon/Android/Sdk/emulator:/opt/jdk1.8.0_231/bin:/var/lib/snapd/snap/bin:/home/qiphon/Android/Sdk/tools:/home/qiphon/Android/Sdk/tools/bin:/home/qiphon/Android/Sdk/platform-tools:/home/qiphon/Android/Sdk/emulator:/opt/jdk1.8.0_231/bin

Yarn version: 
  1.21.1

Node version: 
  12.14.0

Platform: 
  linux x64

Trace: 
  Error: ENOENT: no such file or directory, copyfile '/home/qiphon/.cache/yarn/v6/npm-safe-buffer-5.2.0-b74daec49b1148f88c64b68d49b1e815c1f2f519-integrity/node_modules/safe-buffer/LICENSE' -> '/run/media/qiphon/新加卷/qiphon/mygit/yd-learn/docs/js&qa/demo/yd-qa/node_modules/karma/node_modules/safe-buffer/LICENSE'

npm manifest: 
  {
    "name": "yd-qa",
    "version": "1.0.0",
    "description": "",
    "main": "index.js",
    "scripts": {
      "test": "echo \"Error: no test specified\" && exit 1",
      "unit": "karma start",
      "e2e": "node ./tests/e2e/baidu.spec.js"
    },
    "keywords": [],
    "author": "",
    "license": "ISC",
    "devDependencies": {
      "jasmine-core": "^3.5.0",
      "karma": "^4.4.1",
      "karma-cli": "^2.0.0",
      "karma-jasmine": "^2.0.1",
      "react-testing-library": "^8.0.1",
      "selenium-webdriver": "^4.0.0-alpha.5"
    },
    "dependencies": {
      "react": "^16.12.0",
      "react-dom": "^16.12.0"
    }
  }

yarn manifest: 
  No manifest

Lockfile: 
  No lockfile
