Arguments: 
  /usr/bin/node /usr/bin/yarn init

PATH: 
  /usr/local/bin:/usr/bin:/bin:/usr/local/games:/usr/games:/sbin:/usr/sbin

Yarn version: 
  1.22.4

Node version: 
  12.17.0

Platform: 
  linux x64

Trace: 
  Error: setRawMode EIO
      at ReadStream.setRawMode (tty.js:77:31)
      at Interface._setRawMode (readline.js:290:16)
      at new Interface (readline.js:250:10)
      at Object.createInterface (readline.js:92:10)
      at read (/usr/lib/node_modules/yarn/lib/cli.js:136987:23)
      at /usr/lib/node_modules/yarn/lib/cli.js:96804:7
      at new Promise (<anonymous>)
      at new F (/usr/lib/node_modules/yarn/lib/cli.js:5301:28)
      at ConsoleReporter.question (/usr/lib/node_modules/yarn/lib/cli.js:96803:12)
      at Object.<anonymous> (/usr/lib/node_modules/yarn/lib/cli.js:89075:38)

npm manifest: 
  {
    "name": "underscore",
    "version": "1.0.0",
    "main": "index.js",
    "license": "MIT",
    "dependencies": {
      "underscore": "^1.10.2"
    }
  }

yarn manifest: 
  No manifest

Lockfile: 
  # THIS IS AN AUTOGENERATED FILE. DO NOT EDIT THIS FILE DIRECTLY.
  # yarn lockfile v1
  
  
  underscore@^1.10.2:
    version "1.10.2"
    resolved "https://registry.yarnpkg.com/underscore/-/underscore-1.10.2.tgz#73d6aa3668f3188e4adb0f1943bd12cfd7efaaaf"
    integrity sha512-N4P+Q/BuyuEKFJ43B9gYuOj4TQUHXX+j2FqguVOpjkssLUUrnJofCcBccJSCoeturDoZU6GorDTHSvUDlSQbTg==
