Arguments: 
  /usr/local/bin/node /usr/local/bin/yarn add webpack-cli webpack -D

PATH: 
  /usr/local/bin:/usr/bin:/bin:/usr/sbin:/sbin:/Library/Apple/usr/bin

Yarn version: 
  1.22.4

Node version: 
  12.18.2

Platform: 
  darwin x64

Trace: 
  Error: ENOENT: no such file or directory, copyfile '/Users/yuanzhijia/Library/Caches/Yarn/v6/npm-inherits-2.0.1-b17d08d326b4423e568eff719f91b0b1cbdf69f1-integrity/node_modules/inherits/LICENSE' -> '/Users/yuanzhijia/Desktop/yd-pwa-demo/node_modules/assert/node_modules/inherits/LICENSE'

npm manifest: 
  {
    "name": "yd-pwa-demo",
    "version": "1.0.0",
    "description": "",
    "main": "index.js",
    "scripts": {
      "dev": "webpack --mode development"
    },
    "keywords": [],
    "author": "",
    "license": "ISC",
    "devDependencies": {
      "css-loader": "^3.6.0",
      "html-webpack-plugin": "^4.3.0",
      "mini-css-extract-plugin": "^0.9.0",
      "webpack": "^5.0.0-beta.22",
      "webpack-cli": "^3.3.12"
    }
  }

yarn manifest: 
  No manifest

Lockfile: 
  No lockfile
