2020-05-08 00:41:43,151 INFO 23740 [egg-schedule]: register schedule /media/qiphon/新加卷/qiphon/mygit/yd-learn/docs/node/egg/demo/node_modules/egg-multipart/app/schedule/clean_tmpdir.js
2020-05-08 00:41:43,151 INFO 23740 [egg-schedule]: register schedule /media/qiphon/新加卷/qiphon/mygit/yd-learn/docs/node/egg/demo/node_modules/egg-logrotator/app/schedule/clean_log.js
2020-05-08 00:41:43,151 INFO 23740 [egg-schedule]: register schedule /media/qiphon/新加卷/qiphon/mygit/yd-learn/docs/node/egg/demo/node_modules/egg-logrotator/app/schedule/rotate_by_file.js
2020-05-08 00:41:43,263 INFO 23729 [Timer] /media/qiphon/新加卷/qiphon/mygit/yd-learn/docs/node/egg/demo/node_modules/egg-multipart/app/schedule/clean_tmpdir.js next time will execute after 13696740ms at 2020-05-08 04:30:00.003
2020-05-08 00:41:43,263 INFO 23729 [Timer] /media/qiphon/新加卷/qiphon/mygit/yd-learn/docs/node/egg/demo/node_modules/egg-logrotator/app/schedule/clean_log.js next time will execute after 83896737ms at 2020-05-09 00:00:00.000
2020-05-08 00:41:43,264 INFO 23729 [Timer] /media/qiphon/新加卷/qiphon/mygit/yd-learn/docs/node/egg/demo/node_modules/egg-logrotator/app/schedule/rotate_by_file.js next time will execute after 83897737ms at 2020-05-09 00:00:01.001
2020-05-08 00:44:54,121 INFO 26535 [egg-schedule]: register schedule /media/qiphon/新加卷/qiphon/mygit/yd-learn/docs/node/egg/demo/node_modules/egg-multipart/app/schedule/clean_tmpdir.js
2020-05-08 00:44:54,121 INFO 26535 [egg-schedule]: register schedule /media/qiphon/新加卷/qiphon/mygit/yd-learn/docs/node/egg/demo/node_modules/egg-logrotator/app/schedule/clean_log.js
2020-05-08 00:44:54,121 INFO 26535 [egg-schedule]: register schedule /media/qiphon/新加卷/qiphon/mygit/yd-learn/docs/node/egg/demo/node_modules/egg-logrotator/app/schedule/rotate_by_file.js
2020-05-08 00:45:04,807 INFO 26744 [egg-schedule]: register schedule /media/qiphon/新加卷/qiphon/mygit/yd-learn/docs/node/egg/demo/node_modules/egg-multipart/app/schedule/clean_tmpdir.js
2020-05-08 00:45:04,807 INFO 26744 [egg-schedule]: register schedule /media/qiphon/新加卷/qiphon/mygit/yd-learn/docs/node/egg/demo/node_modules/egg-logrotator/app/schedule/clean_log.js
2020-05-08 00:45:04,807 INFO 26744 [egg-schedule]: register schedule /media/qiphon/新加卷/qiphon/mygit/yd-learn/docs/node/egg/demo/node_modules/egg-logrotator/app/schedule/rotate_by_file.js
2020-05-08 00:45:40,572 INFO 27231 [egg-schedule]: register schedule /media/qiphon/新加卷/qiphon/mygit/yd-learn/docs/node/egg/demo/node_modules/egg-multipart/app/schedule/clean_tmpdir.js
2020-05-08 00:45:40,572 INFO 27231 [egg-schedule]: register schedule /media/qiphon/新加卷/qiphon/mygit/yd-learn/docs/node/egg/demo/node_modules/egg-logrotator/app/schedule/clean_log.js
2020-05-08 00:45:40,572 INFO 27231 [egg-schedule]: register schedule /media/qiphon/新加卷/qiphon/mygit/yd-learn/docs/node/egg/demo/node_modules/egg-logrotator/app/schedule/rotate_by_file.js
2020-05-08 00:47:28,992 INFO 28759 [egg-schedule]: register schedule /media/qiphon/新加卷/qiphon/mygit/yd-learn/docs/node/egg/demo/node_modules/egg-multipart/app/schedule/clean_tmpdir.js
2020-05-08 00:47:28,992 INFO 28759 [egg-schedule]: register schedule /media/qiphon/新加卷/qiphon/mygit/yd-learn/docs/node/egg/demo/node_modules/egg-logrotator/app/schedule/clean_log.js
2020-05-08 00:47:28,992 INFO 28759 [egg-schedule]: register schedule /media/qiphon/新加卷/qiphon/mygit/yd-learn/docs/node/egg/demo/node_modules/egg-logrotator/app/schedule/rotate_by_file.js
2020-05-08 00:48:11,609 INFO 29356 [egg-schedule]: register schedule /media/qiphon/新加卷/qiphon/mygit/yd-learn/docs/node/egg/demo/node_modules/egg-multipart/app/schedule/clean_tmpdir.js
2020-05-08 00:48:11,609 INFO 29356 [egg-schedule]: register schedule /media/qiphon/新加卷/qiphon/mygit/yd-learn/docs/node/egg/demo/node_modules/egg-logrotator/app/schedule/clean_log.js
2020-05-08 00:48:11,609 INFO 29356 [egg-schedule]: register schedule /media/qiphon/新加卷/qiphon/mygit/yd-learn/docs/node/egg/demo/node_modules/egg-logrotator/app/schedule/rotate_by_file.js
2020-05-08 00:48:19,471 INFO 29486 [egg-schedule]: register schedule /media/qiphon/新加卷/qiphon/mygit/yd-learn/docs/node/egg/demo/node_modules/egg-multipart/app/schedule/clean_tmpdir.js
2020-05-08 00:48:19,471 INFO 29486 [egg-schedule]: register schedule /media/qiphon/新加卷/qiphon/mygit/yd-learn/docs/node/egg/demo/node_modules/egg-logrotator/app/schedule/clean_log.js
2020-05-08 00:48:19,471 INFO 29486 [egg-schedule]: register schedule /media/qiphon/新加卷/qiphon/mygit/yd-learn/docs/node/egg/demo/node_modules/egg-logrotator/app/schedule/rotate_by_file.js
2020-05-08 00:49:09,270 INFO 30227 [egg-schedule]: register schedule /media/qiphon/新加卷/qiphon/mygit/yd-learn/docs/node/egg/demo/node_modules/egg-multipart/app/schedule/clean_tmpdir.js
2020-05-08 00:49:09,270 INFO 30227 [egg-schedule]: register schedule /media/qiphon/新加卷/qiphon/mygit/yd-learn/docs/node/egg/demo/node_modules/egg-logrotator/app/schedule/clean_log.js
2020-05-08 00:49:09,270 INFO 30227 [egg-schedule]: register schedule /media/qiphon/新加卷/qiphon/mygit/yd-learn/docs/node/egg/demo/node_modules/egg-logrotator/app/schedule/rotate_by_file.js
2020-05-08 00:49:14,110 INFO 30316 [egg-schedule]: register schedule /media/qiphon/新加卷/qiphon/mygit/yd-learn/docs/node/egg/demo/node_modules/egg-multipart/app/schedule/clean_tmpdir.js
2020-05-08 00:49:14,110 INFO 30316 [egg-schedule]: register schedule /media/qiphon/新加卷/qiphon/mygit/yd-learn/docs/node/egg/demo/node_modules/egg-logrotator/app/schedule/clean_log.js
2020-05-08 00:49:14,110 INFO 30316 [egg-schedule]: register schedule /media/qiphon/新加卷/qiphon/mygit/yd-learn/docs/node/egg/demo/node_modules/egg-logrotator/app/schedule/rotate_by_file.js
2020-05-08 00:52:17,748 INFO 352 [egg-schedule]: register schedule /media/qiphon/新加卷/qiphon/mygit/yd-learn/docs/node/egg/demo/node_modules/egg-multipart/app/schedule/clean_tmpdir.js
2020-05-08 00:52:17,748 INFO 352 [egg-schedule]: register schedule /media/qiphon/新加卷/qiphon/mygit/yd-learn/docs/node/egg/demo/node_modules/egg-logrotator/app/schedule/clean_log.js
2020-05-08 00:52:17,748 INFO 352 [egg-schedule]: register schedule /media/qiphon/新加卷/qiphon/mygit/yd-learn/docs/node/egg/demo/node_modules/egg-logrotator/app/schedule/rotate_by_file.js
2020-05-08 00:55:45,655 INFO 3355 [egg-schedule]: register schedule /media/qiphon/新加卷/qiphon/mygit/yd-learn/docs/node/egg/demo/node_modules/egg-multipart/app/schedule/clean_tmpdir.js
2020-05-08 00:55:45,655 INFO 3355 [egg-schedule]: register schedule /media/qiphon/新加卷/qiphon/mygit/yd-learn/docs/node/egg/demo/node_modules/egg-logrotator/app/schedule/clean_log.js
2020-05-08 00:55:45,655 INFO 3355 [egg-schedule]: register schedule /media/qiphon/新加卷/qiphon/mygit/yd-learn/docs/node/egg/demo/node_modules/egg-logrotator/app/schedule/rotate_by_file.js
2020-05-08 00:56:12,196 INFO 3972 [egg-schedule]: register schedule /media/qiphon/新加卷/qiphon/mygit/yd-learn/docs/node/egg/demo/node_modules/egg-multipart/app/schedule/clean_tmpdir.js
2020-05-08 00:56:12,196 INFO 3972 [egg-schedule]: register schedule /media/qiphon/新加卷/qiphon/mygit/yd-learn/docs/node/egg/demo/node_modules/egg-logrotator/app/schedule/clean_log.js
2020-05-08 00:56:12,196 INFO 3972 [egg-schedule]: register schedule /media/qiphon/新加卷/qiphon/mygit/yd-learn/docs/node/egg/demo/node_modules/egg-logrotator/app/schedule/rotate_by_file.js
2020-05-08 00:58:46,796 INFO 6354 [egg-schedule]: register schedule /media/qiphon/新加卷/qiphon/mygit/yd-learn/docs/node/egg/demo/node_modules/egg-multipart/app/schedule/clean_tmpdir.js
2020-05-08 00:58:46,796 INFO 6354 [egg-schedule]: register schedule /media/qiphon/新加卷/qiphon/mygit/yd-learn/docs/node/egg/demo/node_modules/egg-logrotator/app/schedule/clean_log.js
2020-05-08 00:58:46,796 INFO 6354 [egg-schedule]: register schedule /media/qiphon/新加卷/qiphon/mygit/yd-learn/docs/node/egg/demo/node_modules/egg-logrotator/app/schedule/rotate_by_file.js
2020-05-08 00:58:53,602 INFO 6464 [egg-schedule]: register schedule /media/qiphon/新加卷/qiphon/mygit/yd-learn/docs/node/egg/demo/node_modules/egg-multipart/app/schedule/clean_tmpdir.js
2020-05-08 00:58:53,602 INFO 6464 [egg-schedule]: register schedule /media/qiphon/新加卷/qiphon/mygit/yd-learn/docs/node/egg/demo/node_modules/egg-logrotator/app/schedule/clean_log.js
2020-05-08 00:58:53,602 INFO 6464 [egg-schedule]: register schedule /media/qiphon/新加卷/qiphon/mygit/yd-learn/docs/node/egg/demo/node_modules/egg-logrotator/app/schedule/rotate_by_file.js
2020-05-08 01:00:47,958 INFO 8023 [egg-schedule]: register schedule /media/qiphon/新加卷/qiphon/mygit/yd-learn/docs/node/egg/demo/node_modules/egg-multipart/app/schedule/clean_tmpdir.js
2020-05-08 01:00:47,958 INFO 8023 [egg-schedule]: register schedule /media/qiphon/新加卷/qiphon/mygit/yd-learn/docs/node/egg/demo/node_modules/egg-logrotator/app/schedule/clean_log.js
2020-05-08 01:00:47,958 INFO 8023 [egg-schedule]: register schedule /media/qiphon/新加卷/qiphon/mygit/yd-learn/docs/node/egg/demo/node_modules/egg-logrotator/app/schedule/rotate_by_file.js
2020-05-08 01:04:02,682 INFO 10832 [egg-schedule]: register schedule /media/qiphon/新加卷/qiphon/mygit/yd-learn/docs/node/egg/demo/node_modules/egg-multipart/app/schedule/clean_tmpdir.js
2020-05-08 01:04:02,682 INFO 10832 [egg-schedule]: register schedule /media/qiphon/新加卷/qiphon/mygit/yd-learn/docs/node/egg/demo/node_modules/egg-logrotator/app/schedule/clean_log.js
2020-05-08 01:04:02,682 INFO 10832 [egg-schedule]: register schedule /media/qiphon/新加卷/qiphon/mygit/yd-learn/docs/node/egg/demo/node_modules/egg-logrotator/app/schedule/rotate_by_file.js
2020-05-08 01:07:32,375 INFO 13765 [egg-schedule]: register schedule /media/qiphon/新加卷/qiphon/mygit/yd-learn/docs/node/egg/demo/node_modules/egg-multipart/app/schedule/clean_tmpdir.js
2020-05-08 01:07:32,375 INFO 13765 [egg-schedule]: register schedule /media/qiphon/新加卷/qiphon/mygit/yd-learn/docs/node/egg/demo/node_modules/egg-logrotator/app/schedule/clean_log.js
2020-05-08 01:07:32,375 INFO 13765 [egg-schedule]: register schedule /media/qiphon/新加卷/qiphon/mygit/yd-learn/docs/node/egg/demo/node_modules/egg-logrotator/app/schedule/rotate_by_file.js
2020-05-08 01:07:36,865 INFO 13853 [egg-schedule]: register schedule /media/qiphon/新加卷/qiphon/mygit/yd-learn/docs/node/egg/demo/node_modules/egg-multipart/app/schedule/clean_tmpdir.js
2020-05-08 01:07:36,865 INFO 13853 [egg-schedule]: register schedule /media/qiphon/新加卷/qiphon/mygit/yd-learn/docs/node/egg/demo/node_modules/egg-logrotator/app/schedule/clean_log.js
2020-05-08 01:07:36,865 INFO 13853 [egg-schedule]: register schedule /media/qiphon/新加卷/qiphon/mygit/yd-learn/docs/node/egg/demo/node_modules/egg-logrotator/app/schedule/rotate_by_file.js
2020-05-08 01:09:48,654 INFO 15743 [egg-schedule]: register schedule /media/qiphon/新加卷/qiphon/mygit/yd-learn/docs/node/egg/demo/node_modules/egg-multipart/app/schedule/clean_tmpdir.js
2020-05-08 01:09:48,654 INFO 15743 [egg-schedule]: register schedule /media/qiphon/新加卷/qiphon/mygit/yd-learn/docs/node/egg/demo/node_modules/egg-logrotator/app/schedule/clean_log.js
2020-05-08 01:09:48,654 INFO 15743 [egg-schedule]: register schedule /media/qiphon/新加卷/qiphon/mygit/yd-learn/docs/node/egg/demo/node_modules/egg-logrotator/app/schedule/rotate_by_file.js
2020-05-08 01:10:29,405 INFO 16481 [egg-schedule]: register schedule /media/qiphon/新加卷/qiphon/mygit/yd-learn/docs/node/egg/demo/node_modules/egg-multipart/app/schedule/clean_tmpdir.js
2020-05-08 01:10:29,405 INFO 16481 [egg-schedule]: register schedule /media/qiphon/新加卷/qiphon/mygit/yd-learn/docs/node/egg/demo/node_modules/egg-logrotator/app/schedule/clean_log.js
2020-05-08 01:10:29,405 INFO 16481 [egg-schedule]: register schedule /media/qiphon/新加卷/qiphon/mygit/yd-learn/docs/node/egg/demo/node_modules/egg-logrotator/app/schedule/rotate_by_file.js
2020-05-08 01:12:45,919 INFO 18393 [egg-schedule]: register schedule /media/qiphon/新加卷/qiphon/mygit/yd-learn/docs/node/egg/demo/node_modules/egg-multipart/app/schedule/clean_tmpdir.js
2020-05-08 01:12:45,919 INFO 18393 [egg-schedule]: register schedule /media/qiphon/新加卷/qiphon/mygit/yd-learn/docs/node/egg/demo/node_modules/egg-logrotator/app/schedule/clean_log.js
2020-05-08 01:12:45,919 INFO 18393 [egg-schedule]: register schedule /media/qiphon/新加卷/qiphon/mygit/yd-learn/docs/node/egg/demo/node_modules/egg-logrotator/app/schedule/rotate_by_file.js
2020-05-08 01:12:59,031 INFO 18596 [egg-schedule]: register schedule /media/qiphon/新加卷/qiphon/mygit/yd-learn/docs/node/egg/demo/node_modules/egg-multipart/app/schedule/clean_tmpdir.js
2020-05-08 01:12:59,031 INFO 18596 [egg-schedule]: register schedule /media/qiphon/新加卷/qiphon/mygit/yd-learn/docs/node/egg/demo/node_modules/egg-logrotator/app/schedule/clean_log.js
2020-05-08 01:12:59,031 INFO 18596 [egg-schedule]: register schedule /media/qiphon/新加卷/qiphon/mygit/yd-learn/docs/node/egg/demo/node_modules/egg-logrotator/app/schedule/rotate_by_file.js
2020-05-08 01:17:56,562 INFO 23115 [egg-schedule]: register schedule /media/qiphon/新加卷/qiphon/mygit/yd-learn/docs/node/egg/demo/node_modules/egg-multipart/app/schedule/clean_tmpdir.js
2020-05-08 01:17:56,562 INFO 23115 [egg-schedule]: register schedule /media/qiphon/新加卷/qiphon/mygit/yd-learn/docs/node/egg/demo/node_modules/egg-logrotator/app/schedule/clean_log.js
2020-05-08 01:17:56,562 INFO 23115 [egg-schedule]: register schedule /media/qiphon/新加卷/qiphon/mygit/yd-learn/docs/node/egg/demo/node_modules/egg-logrotator/app/schedule/rotate_by_file.js
2020-05-08 01:19:39,430 INFO 24574 [egg-schedule]: register schedule /media/qiphon/新加卷/qiphon/mygit/yd-learn/docs/node/egg/demo/node_modules/egg-multipart/app/schedule/clean_tmpdir.js
2020-05-08 01:19:39,430 INFO 24574 [egg-schedule]: register schedule /media/qiphon/新加卷/qiphon/mygit/yd-learn/docs/node/egg/demo/node_modules/egg-logrotator/app/schedule/clean_log.js
2020-05-08 01:19:39,430 INFO 24574 [egg-schedule]: register schedule /media/qiphon/新加卷/qiphon/mygit/yd-learn/docs/node/egg/demo/node_modules/egg-logrotator/app/schedule/rotate_by_file.js
2020-05-08 01:19:54,588 INFO 24805 [egg-schedule]: register schedule /media/qiphon/新加卷/qiphon/mygit/yd-learn/docs/node/egg/demo/node_modules/egg-multipart/app/schedule/clean_tmpdir.js
2020-05-08 01:19:54,588 INFO 24805 [egg-schedule]: register schedule /media/qiphon/新加卷/qiphon/mygit/yd-learn/docs/node/egg/demo/node_modules/egg-logrotator/app/schedule/clean_log.js
2020-05-08 01:19:54,588 INFO 24805 [egg-schedule]: register schedule /media/qiphon/新加卷/qiphon/mygit/yd-learn/docs/node/egg/demo/node_modules/egg-logrotator/app/schedule/rotate_by_file.js
